<?xml version="1.0" encoding="UTF-8"?>
<testng-results ignored="0" total="1" passed="1" failed="0" skipped="0">
  <reporter-output>
  </reporter-output>
  <suite started-at="2025-11-08T22:40:25 IST" name="Surefire suite" finished-at="2025-11-08T22:41:01 IST" duration-ms="35629">
    <groups>
      <group name="cucumber">
        <method signature="AbstractTestNGCucumberTests.runScenario(io.cucumber.testng.PickleWrapper,io.cucumber.testng.FeatureWrapper)[pri:0, instance:runners.TestRunner@7714e963]" name="runScenario" class="io.cucumber.testng.AbstractTestNGCucumberTests"/>
      </group> <!-- cucumber -->
    </groups>
    <test started-at="2025-11-08T22:40:25 IST" name="Surefire test" finished-at="2025-11-08T22:41:01 IST" duration-ms="35629">
      <class name="runners.TestRunner">
        <test-method is-config="true" signature="setUpClass(org.testng.ITestContext)[pri:0, instance:runners.TestRunner@7714e963]" started-at="2025-11-08T22:40:25 IST" name="setUpClass" finished-at="2025-11-08T22:40:26 IST" duration-ms="582" status="PASS">
          <params>
            <param index="0">
              <value>
                <![CDATA[org.testng.TestRunner@26dc9bd5]]>
              </value>
            </param>
          </params>
          <reporter-output>
          </reporter-output>
        </test-method> <!-- setUpClass -->
        <test-method signature="runScenario(io.cucumber.testng.PickleWrapper,io.cucumber.testng.FeatureWrapper)[pri:0, instance:runners.TestRunner@7714e963]" started-at="2025-11-08T22:40:26 IST" name="runScenario" description="Runs Cucumber Scenarios" data-provider="scenarios" finished-at="2025-11-08T22:41:00 IST" duration-ms="34950" status="PASS">
          <params>
            <param index="0">
              <value>
                <![CDATA["Verify search functionality"]]>
              </value>
            </param>
            <param index="1">
              <value>
                <![CDATA["Product Search on FirstCry"]]>
              </value>
            </param>
          </params>
          <reporter-output>
          </reporter-output>
        </test-method> <!-- runScenario -->
        <test-method is-config="true" signature="tearDownClass()[pri:0, instance:runners.TestRunner@7714e963]" started-at="2025-11-08T22:41:00 IST" name="tearDownClass" finished-at="2025-11-08T22:41:01 IST" duration-ms="54" status="PASS">
          <reporter-output>
          </reporter-output>
        </test-method> <!-- tearDownClass -->
      </class> <!-- runners.TestRunner -->
    </test> <!-- Surefire test -->
  </suite> <!-- Surefire suite -->
</testng-results>
